0 info it worked if it ends with ok
1 verbose cli [ '/usr/local/Cellar/node/0.10.33_1/bin/node',
1 verbose cli   '/usr/local/bin/npm',
1 verbose cli   'publish',
1 verbose cli   '--tag',
1 verbose cli   'v0.1.0' ]
2 info using npm@3.10.10
3 info using node@v7.2.1
4 verbose publish [ '.' ]
5 verbose stack Error: Tag name must not be a valid SemVer range: v0.1.0
5 verbose stack     at EventEmitter.publish (/usr/local/lib/node_modules/npm/lib/publish.js:41:14)
5 verbose stack     at Object.commandCache.(anonymous function) (/usr/local/lib/node_modules/npm/lib/npm.js:124:13)
5 verbose stack     at EventEmitter.<anonymous> (/usr/local/lib/node_modules/npm/bin/npm-cli.js:73:30)
5 verbose stack     at _combinedTickCallback (internal/process/next_tick.js:67:7)
5 verbose stack     at process._tickCallback (internal/process/next_tick.js:98:9)
6 verbose cwd /Volumes/HDD/Users/Eric.Tsai/Documents/CodeLab/gulp-art-include
7 error Darwin 16.3.0
8 error argv "/usr/local/Cellar/node/0.10.33_1/bin/node" "/usr/local/bin/npm" "publish" "--tag" "v0.1.0"
9 error node v7.2.1
10 error npm  v3.10.10
11 error Tag name must not be a valid SemVer range: v0.1.0
12 error If you need help, you may report this error at:
12 error     <https://github.com/npm/npm/issues>
13 verbose exit [ 1, true ]
